[2025-10-02T05:58:39.470+0000] {local_task_job_runner.py:120} INFO - ::group::Pre task execution logs
[2025-10-02T05:58:39.476+0000] {taskinstance.py:2076} INFO - Dependencies all met for dep_context=non-requeueable deps ti=<TaskInstance: sentiment140_end2end_single.upload_to_s3 manual__2025-10-02T05:52:43.264598+00:00 [queued]>
[2025-10-02T05:58:39.479+0000] {taskinstance.py:2076} INFO - Dependencies all met for dep_context=requeueable deps ti=<TaskInstance: sentiment140_end2end_single.upload_to_s3 manual__2025-10-02T05:52:43.264598+00:00 [queued]>
[2025-10-02T05:58:39.479+0000] {taskinstance.py:2306} INFO - Starting attempt 1 of 2
[2025-10-02T05:58:39.483+0000] {taskinstance.py:2330} INFO - Executing <Task(PythonOperator): upload_to_s3> on 2025-10-02 05:52:43.264598+00:00
[2025-10-02T05:58:39.486+0000] {warnings.py:110} WARNING - /home/***/.local/lib/python3.12/site-packages/***/task/task_runner/standard_task_runner.py:61: DeprecationWarning: This process (pid=248) is multi-threaded, use of fork() may lead to deadlocks in the child.
  pid = os.fork()

[2025-10-02T05:58:39.487+0000] {standard_task_runner.py:63} INFO - Started process 250 to run task
[2025-10-02T05:58:39.487+0000] {standard_task_runner.py:90} INFO - Running: ['***', 'tasks', 'run', 'sentiment140_end2end_single', 'upload_to_s3', 'manual__2025-10-02T05:52:43.264598+00:00', '--job-id', '44', '--raw', '--subdir', 'DAGS_FOLDER/edaproject.py', '--cfg-path', '/tmp/tmpg0t42sj3']
[2025-10-02T05:58:39.489+0000] {standard_task_runner.py:91} INFO - Job 44: Subtask upload_to_s3
[2025-10-02T05:58:39.514+0000] {task_command.py:426} INFO - Running <TaskInstance: sentiment140_end2end_single.upload_to_s3 manual__2025-10-02T05:52:43.264598+00:00 [running]> on host b4099255ca46
[2025-10-02T05:58:39.545+0000] {taskinstance.py:2648} INFO - Exporting env vars: AIRFLOW_CTX_DAG_OWNER='***' AIRFLOW_CTX_DAG_ID='sentiment140_end2end_single' AIRFLOW_CTX_TASK_ID='upload_to_s3' AIRFLOW_CTX_EXECUTION_DATE='2025-10-02T05:52:43.264598+00:00' AIRFLOW_CTX_TRY_NUMBER='1' AIRFLOW_CTX_DAG_RUN_ID='manual__2025-10-02T05:52:43.264598+00:00'
[2025-10-02T05:58:39.546+0000] {taskinstance.py:430} INFO - ::endgroup::
[2025-10-02T05:58:39.560+0000] {logging_mixin.py:188} INFO - Uploading EDA: /tmp/sentiment140_eda_artifacts/hist_len_chars_20251002T055816Z.png -> s3://298a1/sentiment140/eda/20251002T055816Z/hist_len_chars_20251002T055816Z.png
[2025-10-02T05:58:39.564+0000] {base.py:84} INFO - Using connection ID 'aws_default' for task execution.
[2025-10-02T05:58:39.564+0000] {connection_wrapper.py:384} INFO - AWS Connection (conn_id='aws_default', conn_type='aws') credentials retrieved from login and password.
[2025-10-02T05:58:40.316+0000] {logging_mixin.py:188} INFO - Uploading EDA: /tmp/sentiment140_eda_artifacts/class_balance_20251002T055635Z.csv -> s3://298a1/sentiment140/eda/20251002T055816Z/class_balance_20251002T055635Z.csv
[2025-10-02T05:58:40.380+0000] {logging_mixin.py:188} INFO - Uploading EDA: /tmp/sentiment140_eda_artifacts/eda_summary_20251002T055816Z.json -> s3://298a1/sentiment140/eda/20251002T055816Z/eda_summary_20251002T055816Z.json
[2025-10-02T05:58:40.465+0000] {logging_mixin.py:188} INFO - Uploading EDA: /tmp/sentiment140_eda_artifacts/hist_len_chars_20251002T055635Z.png -> s3://298a1/sentiment140/eda/20251002T055816Z/hist_len_chars_20251002T055635Z.png
[2025-10-02T05:58:40.557+0000] {logging_mixin.py:188} INFO - Uploading EDA: /tmp/sentiment140_eda_artifacts/class_balance_20251002T055816Z.csv -> s3://298a1/sentiment140/eda/20251002T055816Z/class_balance_20251002T055816Z.csv
[2025-10-02T05:58:40.614+0000] {logging_mixin.py:188} INFO - Uploading EDA: /tmp/sentiment140_eda_artifacts/class_balance_20251002T055816Z.png -> s3://298a1/sentiment140/eda/20251002T055816Z/class_balance_20251002T055816Z.png
[2025-10-02T05:58:40.693+0000] {logging_mixin.py:188} INFO - Uploading EDA: /tmp/sentiment140_eda_artifacts/hist_len_words_20251002T055635Z.png -> s3://298a1/sentiment140/eda/20251002T055816Z/hist_len_words_20251002T055635Z.png
[2025-10-02T05:58:40.789+0000] {logging_mixin.py:188} INFO - Uploading EDA: /tmp/sentiment140_eda_artifacts/feature_correlations_20251002T055635Z.csv -> s3://298a1/sentiment140/eda/20251002T055816Z/feature_correlations_20251002T055635Z.csv
[2025-10-02T05:58:40.848+0000] {logging_mixin.py:188} INFO - Uploading EDA: /tmp/sentiment140_eda_artifacts/hist_len_words_20251002T055816Z.png -> s3://298a1/sentiment140/eda/20251002T055816Z/hist_len_words_20251002T055816Z.png
[2025-10-02T05:58:40.925+0000] {logging_mixin.py:188} INFO - Uploading EDA: /tmp/sentiment140_eda_artifacts/feature_correlations_20251002T055816Z.csv -> s3://298a1/sentiment140/eda/20251002T055816Z/feature_correlations_20251002T055816Z.csv
[2025-10-02T05:58:40.991+0000] {logging_mixin.py:188} INFO - Uploading EDA: /tmp/sentiment140_eda_artifacts/class_balance_20251002T055635Z.png -> s3://298a1/sentiment140/eda/20251002T055816Z/class_balance_20251002T055635Z.png
[2025-10-02T05:58:41.075+0000] {logging_mixin.py:188} INFO - Uploading EDA: /tmp/sentiment140_eda_artifacts/eda_summary_20251002T055635Z.json -> s3://298a1/sentiment140/eda/20251002T055816Z/eda_summary_20251002T055635Z.json
[2025-10-02T05:58:41.154+0000] {logging_mixin.py:188} INFO - Uploading CLEAN: /tmp/MAUD_train_cleaned.csv -> s3://298a1/sentiment140/cleaned/20251002T055816Z/MAUD_train_cleaned.csv
[2025-10-02T05:58:50.911+0000] {python.py:237} INFO - Done. Returned value was: None
[2025-10-02T05:58:50.914+0000] {taskinstance.py:441} INFO - ::group::Post task execution logs
[2025-10-02T05:58:50.922+0000] {taskinstance.py:1206} INFO - Marking task as SUCCESS. dag_id=sentiment140_end2end_single, task_id=upload_to_s3, run_id=manual__2025-10-02T05:52:43.264598+00:00, execution_date=20251002T055243, start_date=20251002T055839, end_date=20251002T055850
[2025-10-02T05:58:50.984+0000] {local_task_job_runner.py:240} INFO - Task exited with return code 0
[2025-10-02T05:58:51.011+0000] {taskinstance.py:3498} INFO - 1 downstream tasks scheduled from follow-on schedule check
[2025-10-02T05:58:51.012+0000] {local_task_job_runner.py:222} INFO - ::endgroup::
