[2025-10-01T23:58:52.740+0000] {processor.py:161} INFO - Started process (PID=3183) to work on /opt/airflow/dags/edaproject.py
[2025-10-01T23:58:52.740+0000] {processor.py:830} INFO - Processing file /opt/airflow/dags/edaproject.py for tasks to queue
[2025-10-01T23:58:52.741+0000] {logging_mixin.py:188} INFO - [2025-10-01T23:58:52.741+0000] {dagbag.py:545} INFO - Filling up the DagBag from /opt/airflow/dags/edaproject.py
[2025-10-01T23:58:52.750+0000] {processor.py:840} INFO - DAG(s) 'sentiment140_end2end_single' retrieved from /opt/airflow/dags/edaproject.py
[2025-10-01T23:58:52.851+0000] {logging_mixin.py:188} INFO - [2025-10-01T23:58:52.850+0000] {override.py:1829} INFO - Created Permission View: can edit on DAG:sentiment140_end2end_single
[2025-10-01T23:58:52.854+0000] {logging_mixin.py:188} INFO - [2025-10-01T23:58:52.854+0000] {override.py:1829} INFO - Created Permission View: can delete on DAG:sentiment140_end2end_single
[2025-10-01T23:58:52.855+0000] {logging_mixin.py:188} INFO - [2025-10-01T23:58:52.855+0000] {override.py:1829} INFO - Created Permission View: can read on DAG:sentiment140_end2end_single
[2025-10-01T23:58:52.855+0000] {logging_mixin.py:188} INFO - [2025-10-01T23:58:52.855+0000] {dag.py:3096} INFO - Sync 1 DAGs
[2025-10-01T23:58:52.860+0000] {logging_mixin.py:188} INFO - [2025-10-01T23:58:52.860+0000] {dag.py:3118} INFO - Creating ORM DAG for sentiment140_end2end_single
[2025-10-01T23:58:52.860+0000] {logging_mixin.py:188} INFO - [2025-10-01T23:58:52.860+0000] {dag.py:3954} INFO - Setting next_dagrun for sentiment140_end2end_single to None, run_after=None
[2025-10-01T23:58:52.865+0000] {processor.py:183} INFO - Processing /opt/airflow/dags/edaproject.py took 0.128 seconds
[2025-10-01T23:59:23.133+0000] {processor.py:161} INFO - Started process (PID=3204) to work on /opt/airflow/dags/edaproject.py
[2025-10-01T23:59:23.135+0000] {processor.py:830} INFO - Processing file /opt/airflow/dags/edaproject.py for tasks to queue
[2025-10-01T23:59:23.137+0000] {logging_mixin.py:188} INFO - [2025-10-01T23:59:23.137+0000] {dagbag.py:545} INFO - Filling up the DagBag from /opt/airflow/dags/edaproject.py
[2025-10-01T23:59:23.170+0000] {processor.py:840} INFO - DAG(s) 'sentiment140_end2end_single' retrieved from /opt/airflow/dags/edaproject.py
[2025-10-01T23:59:23.205+0000] {logging_mixin.py:188} INFO - [2025-10-01T23:59:23.205+0000] {dag.py:3096} INFO - Sync 1 DAGs
[2025-10-01T23:59:23.216+0000] {logging_mixin.py:188} INFO - [2025-10-01T23:59:23.216+0000] {dag.py:3954} INFO - Setting next_dagrun for sentiment140_end2end_single to None, run_after=None
[2025-10-01T23:59:23.259+0000] {processor.py:183} INFO - Processing /opt/airflow/dags/edaproject.py took 0.135 seconds
[2025-10-01T23:59:53.506+0000] {processor.py:161} INFO - Started process (PID=3225) to work on /opt/airflow/dags/edaproject.py
[2025-10-01T23:59:53.507+0000] {processor.py:830} INFO - Processing file /opt/airflow/dags/edaproject.py for tasks to queue
[2025-10-01T23:59:53.509+0000] {logging_mixin.py:188} INFO - [2025-10-01T23:59:53.509+0000] {dagbag.py:545} INFO - Filling up the DagBag from /opt/airflow/dags/edaproject.py
[2025-10-01T23:59:53.522+0000] {processor.py:840} INFO - DAG(s) 'sentiment140_end2end_single' retrieved from /opt/airflow/dags/edaproject.py
[2025-10-01T23:59:53.546+0000] {logging_mixin.py:188} INFO - [2025-10-01T23:59:53.545+0000] {dag.py:3096} INFO - Sync 1 DAGs
[2025-10-01T23:59:53.554+0000] {logging_mixin.py:188} INFO - [2025-10-01T23:59:53.554+0000] {dag.py:3954} INFO - Setting next_dagrun for sentiment140_end2end_single to None, run_after=None
[2025-10-01T23:59:53.561+0000] {processor.py:183} INFO - Processing /opt/airflow/dags/edaproject.py took 0.068 seconds
