[2025-10-02T05:56:35.342+0000] {local_task_job_runner.py:120} INFO - ::group::Pre task execution logs
[2025-10-02T05:56:35.348+0000] {taskinstance.py:2076} INFO - Dependencies all met for dep_context=non-requeueable deps ti=<TaskInstance: sentiment140_end2end_single.run_eda_and_clean manual__2025-10-02T05:55:53.077752+00:00 [queued]>
[2025-10-02T05:56:35.350+0000] {taskinstance.py:2076} INFO - Dependencies all met for dep_context=requeueable deps ti=<TaskInstance: sentiment140_end2end_single.run_eda_and_clean manual__2025-10-02T05:55:53.077752+00:00 [queued]>
[2025-10-02T05:56:35.351+0000] {taskinstance.py:2306} INFO - Starting attempt 1 of 2
[2025-10-02T05:56:35.355+0000] {taskinstance.py:2330} INFO - Executing <Task(PythonOperator): run_eda_and_clean> on 2025-10-02 05:55:53.077752+00:00
[2025-10-02T05:56:35.359+0000] {warnings.py:110} WARNING - /home/***/.local/lib/python3.12/site-packages/***/task/task_runner/standard_task_runner.py:61: DeprecationWarning: This process (pid=169) is multi-threaded, use of fork() may lead to deadlocks in the child.
  pid = os.fork()

[2025-10-02T05:56:35.359+0000] {standard_task_runner.py:63} INFO - Started process 171 to run task
[2025-10-02T05:56:35.359+0000] {standard_task_runner.py:90} INFO - Running: ['***', 'tasks', 'run', 'sentiment140_end2end_single', 'run_eda_and_clean', 'manual__2025-10-02T05:55:53.077752+00:00', '--job-id', '40', '--raw', '--subdir', 'DAGS_FOLDER/edaproject.py', '--cfg-path', '/tmp/tmpo3lewhf9']
[2025-10-02T05:56:35.363+0000] {standard_task_runner.py:91} INFO - Job 40: Subtask run_eda_and_clean
[2025-10-02T05:56:35.389+0000] {task_command.py:426} INFO - Running <TaskInstance: sentiment140_end2end_single.run_eda_and_clean manual__2025-10-02T05:55:53.077752+00:00 [running]> on host b4099255ca46
[2025-10-02T05:56:35.420+0000] {taskinstance.py:2648} INFO - Exporting env vars: AIRFLOW_CTX_DAG_OWNER='***' AIRFLOW_CTX_DAG_ID='sentiment140_end2end_single' AIRFLOW_CTX_TASK_ID='run_eda_and_clean' AIRFLOW_CTX_EXECUTION_DATE='2025-10-02T05:55:53.077752+00:00' AIRFLOW_CTX_TRY_NUMBER='1' AIRFLOW_CTX_DAG_RUN_ID='manual__2025-10-02T05:55:53.077752+00:00'
[2025-10-02T05:56:35.423+0000] {taskinstance.py:430} INFO - ::endgroup::
[2025-10-02T05:56:55.469+0000] {font_manager.py:1639} INFO - generated new fontManager
[2025-10-02T05:56:55.819+0000] {python.py:237} INFO - Done. Returned value was: None
[2025-10-02T05:56:55.819+0000] {taskinstance.py:441} INFO - ::group::Post task execution logs
[2025-10-02T05:56:55.823+0000] {taskinstance.py:1206} INFO - Marking task as SUCCESS. dag_id=sentiment140_end2end_single, task_id=run_eda_and_clean, run_id=manual__2025-10-02T05:55:53.077752+00:00, execution_date=20251002T055553, start_date=20251002T055635, end_date=20251002T055655
[2025-10-02T05:56:55.856+0000] {local_task_job_runner.py:240} INFO - Task exited with return code 0
[2025-10-02T05:56:55.872+0000] {taskinstance.py:3498} INFO - 1 downstream tasks scheduled from follow-on schedule check
[2025-10-02T05:56:55.873+0000] {local_task_job_runner.py:222} INFO - ::endgroup::
