[2025-10-02T05:56:58.143+0000] {local_task_job_runner.py:120} INFO - ::group::Pre task execution logs
[2025-10-02T05:56:58.153+0000] {taskinstance.py:2076} INFO - Dependencies all met for dep_context=non-requeueable deps ti=<TaskInstance: sentiment140_end2end_single.upload_to_s3 manual__2025-10-02T05:55:53.077752+00:00 [queued]>
[2025-10-02T05:56:58.157+0000] {taskinstance.py:2076} INFO - Dependencies all met for dep_context=requeueable deps ti=<TaskInstance: sentiment140_end2end_single.upload_to_s3 manual__2025-10-02T05:55:53.077752+00:00 [queued]>
[2025-10-02T05:56:58.157+0000] {taskinstance.py:2306} INFO - Starting attempt 1 of 2
[2025-10-02T05:56:58.165+0000] {taskinstance.py:2330} INFO - Executing <Task(PythonOperator): upload_to_s3> on 2025-10-02 05:55:53.077752+00:00
[2025-10-02T05:56:58.179+0000] {warnings.py:110} WARNING - /home/***/.local/lib/python3.12/site-packages/***/task/task_runner/standard_task_runner.py:61: DeprecationWarning: This process (pid=188) is multi-threaded, use of fork() may lead to deadlocks in the child.
  pid = os.fork()

[2025-10-02T05:56:58.181+0000] {standard_task_runner.py:63} INFO - Started process 190 to run task
[2025-10-02T05:56:58.179+0000] {standard_task_runner.py:90} INFO - Running: ['***', 'tasks', 'run', 'sentiment140_end2end_single', 'upload_to_s3', 'manual__2025-10-02T05:55:53.077752+00:00', '--job-id', '41', '--raw', '--subdir', 'DAGS_FOLDER/edaproject.py', '--cfg-path', '/tmp/tmpw156a2fl']
[2025-10-02T05:56:58.182+0000] {standard_task_runner.py:91} INFO - Job 41: Subtask upload_to_s3
[2025-10-02T05:56:58.215+0000] {task_command.py:426} INFO - Running <TaskInstance: sentiment140_end2end_single.upload_to_s3 manual__2025-10-02T05:55:53.077752+00:00 [running]> on host b4099255ca46
[2025-10-02T05:56:58.261+0000] {taskinstance.py:2648} INFO - Exporting env vars: AIRFLOW_CTX_DAG_OWNER='***' AIRFLOW_CTX_DAG_ID='sentiment140_end2end_single' AIRFLOW_CTX_TASK_ID='upload_to_s3' AIRFLOW_CTX_EXECUTION_DATE='2025-10-02T05:55:53.077752+00:00' AIRFLOW_CTX_TRY_NUMBER='1' AIRFLOW_CTX_DAG_RUN_ID='manual__2025-10-02T05:55:53.077752+00:00'
[2025-10-02T05:56:58.262+0000] {taskinstance.py:430} INFO - ::endgroup::
[2025-10-02T05:56:58.279+0000] {logging_mixin.py:188} INFO - Uploading EDA: /tmp/sentiment140_eda_artifacts/class_balance_20251002T055635Z.csv -> s3://298a1/sentiment140/eda/20251002T055635Z/class_balance_20251002T055635Z.csv
[2025-10-02T05:56:58.283+0000] {base.py:84} INFO - Using connection ID 'aws_default' for task execution.
[2025-10-02T05:56:58.283+0000] {connection_wrapper.py:384} INFO - AWS Connection (conn_id='aws_default', conn_type='aws') credentials retrieved from login and password.
[2025-10-02T05:56:59.073+0000] {logging_mixin.py:188} INFO - Uploading EDA: /tmp/sentiment140_eda_artifacts/hist_len_chars_20251002T055635Z.png -> s3://298a1/sentiment140/eda/20251002T055635Z/hist_len_chars_20251002T055635Z.png
[2025-10-02T05:56:59.186+0000] {logging_mixin.py:188} INFO - Uploading EDA: /tmp/sentiment140_eda_artifacts/hist_len_words_20251002T055635Z.png -> s3://298a1/sentiment140/eda/20251002T055635Z/hist_len_words_20251002T055635Z.png
[2025-10-02T05:56:59.284+0000] {logging_mixin.py:188} INFO - Uploading EDA: /tmp/sentiment140_eda_artifacts/feature_correlations_20251002T055635Z.csv -> s3://298a1/sentiment140/eda/20251002T055635Z/feature_correlations_20251002T055635Z.csv
[2025-10-02T05:56:59.358+0000] {logging_mixin.py:188} INFO - Uploading EDA: /tmp/sentiment140_eda_artifacts/class_balance_20251002T055635Z.png -> s3://298a1/sentiment140/eda/20251002T055635Z/class_balance_20251002T055635Z.png
[2025-10-02T05:56:59.432+0000] {logging_mixin.py:188} INFO - Uploading EDA: /tmp/sentiment140_eda_artifacts/eda_summary_20251002T055635Z.json -> s3://298a1/sentiment140/eda/20251002T055635Z/eda_summary_20251002T055635Z.json
[2025-10-02T05:56:59.503+0000] {logging_mixin.py:188} INFO - Uploading CLEAN: /tmp/MAUD_train_cleaned.csv -> s3://298a1/sentiment140/cleaned/20251002T055635Z/MAUD_train_cleaned.csv
[2025-10-02T05:57:08.887+0000] {python.py:237} INFO - Done. Returned value was: None
[2025-10-02T05:57:08.890+0000] {taskinstance.py:441} INFO - ::group::Post task execution logs
[2025-10-02T05:57:08.898+0000] {taskinstance.py:1206} INFO - Marking task as SUCCESS. dag_id=sentiment140_end2end_single, task_id=upload_to_s3, run_id=manual__2025-10-02T05:55:53.077752+00:00, execution_date=20251002T055553, start_date=20251002T055658, end_date=20251002T055708
[2025-10-02T05:57:08.963+0000] {local_task_job_runner.py:240} INFO - Task exited with return code 0
[2025-10-02T05:57:08.987+0000] {taskinstance.py:3498} INFO - 1 downstream tasks scheduled from follow-on schedule check
[2025-10-02T05:57:08.988+0000] {local_task_job_runner.py:222} INFO - ::endgroup::
