[2025-10-02T06:24:08.611+0000] {local_task_job_runner.py:120} INFO - ::group::Pre task execution logs
[2025-10-02T06:24:08.617+0000] {taskinstance.py:2076} INFO - Dependencies all met for dep_context=non-requeueable deps ti=<TaskInstance: sentiment140_end2end_single.copy_clean_into_snowflake manual__2025-10-02T06:23:19.658047+00:00 [queued]>
[2025-10-02T06:24:08.619+0000] {taskinstance.py:2076} INFO - Dependencies all met for dep_context=requeueable deps ti=<TaskInstance: sentiment140_end2end_single.copy_clean_into_snowflake manual__2025-10-02T06:23:19.658047+00:00 [queued]>
[2025-10-02T06:24:08.620+0000] {taskinstance.py:2306} INFO - Starting attempt 1 of 2
[2025-10-02T06:24:08.623+0000] {taskinstance.py:2330} INFO - Executing <Task(PythonOperator): copy_clean_into_snowflake> on 2025-10-02 06:23:19.658047+00:00
[2025-10-02T06:24:08.626+0000] {warnings.py:110} WARNING - /home/***/.local/lib/python3.12/site-packages/***/task/task_runner/standard_task_runner.py:61: DeprecationWarning: This process (pid=914) is multi-threaded, use of fork() may lead to deadlocks in the child.
  pid = os.fork()

[2025-10-02T06:24:08.627+0000] {standard_task_runner.py:63} INFO - Started process 916 to run task
[2025-10-02T06:24:08.627+0000] {standard_task_runner.py:90} INFO - Running: ['***', 'tasks', 'run', 'sentiment140_end2end_single', 'copy_clean_into_snowflake', 'manual__2025-10-02T06:23:19.658047+00:00', '--job-id', '66', '--raw', '--subdir', 'DAGS_FOLDER/edaproject.py', '--cfg-path', '/tmp/tmpxy3i32mr']
[2025-10-02T06:24:08.628+0000] {standard_task_runner.py:91} INFO - Job 66: Subtask copy_clean_into_snowflake
[2025-10-02T06:24:08.645+0000] {task_command.py:426} INFO - Running <TaskInstance: sentiment140_end2end_single.copy_clean_into_snowflake manual__2025-10-02T06:23:19.658047+00:00 [running]> on host b4099255ca46
[2025-10-02T06:24:08.673+0000] {taskinstance.py:2648} INFO - Exporting env vars: AIRFLOW_CTX_DAG_OWNER='***' AIRFLOW_CTX_DAG_ID='sentiment140_end2end_single' AIRFLOW_CTX_TASK_ID='copy_clean_into_snowflake' AIRFLOW_CTX_EXECUTION_DATE='2025-10-02T06:23:19.658047+00:00' AIRFLOW_CTX_TRY_NUMBER='1' AIRFLOW_CTX_DAG_RUN_ID='manual__2025-10-02T06:23:19.658047+00:00'
[2025-10-02T06:24:08.673+0000] {taskinstance.py:430} INFO - ::endgroup::
[2025-10-02T06:24:08.685+0000] {base.py:84} INFO - Using connection ID 'aws_default' for task execution.
[2025-10-02T06:24:08.685+0000] {connection_wrapper.py:384} INFO - AWS Connection (conn_id='aws_default', conn_type='aws') credentials retrieved from login and password.
[2025-10-02T06:24:08.693+0000] {base.py:84} INFO - Using connection ID 'snowflake_default' for task execution.
[2025-10-02T06:24:08.693+0000] {connection.py:399} INFO - Snowflake Connector for Python Version: 3.10.0, Python Version: 3.12.3, Platform: Linux-6.10.14-linuxkit-aarch64-with-glibc2.36
[2025-10-02T06:24:08.693+0000] {connection.py:1239} INFO - This connection is in OCSP Fail Open Mode. TLS Certificates would be checked for validity and revocation status. Any other Certificate Revocation related exceptions or OCSP Responder failures would be disregarded in favor of connectivity.
[2025-10-02T06:24:09.522+0000] {cursor.py:1149} INFO - Number of results in first chunk: 1
[2025-10-02T06:24:09.524+0000] {sql.py:470} INFO - Running statement: USE WAREHOUSE COMPUTE_WH;, parameters: None
[2025-10-02T06:24:09.676+0000] {cursor.py:1149} INFO - Number of results in first chunk: 1
[2025-10-02T06:24:09.677+0000] {sql.py:479} INFO - Rows affected: 1
[2025-10-02T06:24:09.677+0000] {snowflake.py:407} INFO - Rows affected: 1
[2025-10-02T06:24:09.677+0000] {snowflake.py:408} INFO - Snowflake query id: 01bf6f60-0306-904a-0000-00131e676135
[2025-10-02T06:24:09.677+0000] {sql.py:470} INFO - Running statement: USE ROLE ACCOUNTADMIN;, parameters: None
[2025-10-02T06:24:09.790+0000] {cursor.py:1149} INFO - Number of results in first chunk: 1
[2025-10-02T06:24:09.791+0000] {sql.py:479} INFO - Rows affected: 1
[2025-10-02T06:24:09.791+0000] {snowflake.py:407} INFO - Rows affected: 1
[2025-10-02T06:24:09.791+0000] {snowflake.py:408} INFO - Snowflake query id: 01bf6f60-0306-908d-0000-00131e678169
[2025-10-02T06:24:09.791+0000] {sql.py:470} INFO - Running statement: USE DATABASE YOUR_DB;, parameters: None
[2025-10-02T06:24:10.686+0000] {cursor.py:1149} INFO - Number of results in first chunk: 1
[2025-10-02T06:24:10.687+0000] {sql.py:479} INFO - Rows affected: 1
[2025-10-02T06:24:10.687+0000] {snowflake.py:407} INFO - Rows affected: 1
[2025-10-02T06:24:10.688+0000] {snowflake.py:408} INFO - Snowflake query id: 01bf6f60-0306-9174-0000-00131e675169
[2025-10-02T06:24:10.688+0000] {sql.py:470} INFO - Running statement: USE SCHEMA PUBLIC;, parameters: None
[2025-10-02T06:24:10.815+0000] {cursor.py:1149} INFO - Number of results in first chunk: 1
[2025-10-02T06:24:10.816+0000] {sql.py:479} INFO - Rows affected: 1
[2025-10-02T06:24:10.816+0000] {snowflake.py:407} INFO - Rows affected: 1
[2025-10-02T06:24:10.817+0000] {snowflake.py:408} INFO - Snowflake query id: 01bf6f60-0306-91dc-0000-00131e67e025
[2025-10-02T06:24:10.817+0000] {sql.py:470} INFO - Running statement: 
    COPY INTO YOUR_DB.PUBLIC.SENTIMENT140_CLEAN
    FROM 's3://298a1/sentiment140/cleaned/20251002T062330Z/'
    CREDENTIALS=(AWS_KEY_ID='AKIA6FAWABT26ZPML6YE' AWS_SECRET_KEY='***')
    FILE_FORMAT = (
        TYPE = CSV
        FIELD_DELIMITER = ','
        FIELD_OPTIONALLY_ENCLOSED_BY = '"'
        ESCAPE = '\\'
        ESCAPE_UNENCLOSED_FIELD = NONE
        SKIP_HEADER = 1
        TRIM_SPACE = FALSE
        NULL_IF = ()
        COMPRESSION = AUTO
    )
    PATTERN = '.*'
    ON_ERROR = 'CONTINUE';
    , parameters: None
[2025-10-02T06:24:15.913+0000] {cursor.py:1149} INFO - Number of results in first chunk: 1
[2025-10-02T06:24:15.915+0000] {sql.py:479} INFO - Rows affected: 1
[2025-10-02T06:24:15.915+0000] {snowflake.py:407} INFO - Rows affected: 1
[2025-10-02T06:24:15.916+0000] {snowflake.py:408} INFO - Snowflake query id: 01bf6f60-0306-9165-0000-00131e67a179
[2025-10-02T06:24:16.457+0000] {cursor.py:1149} INFO - Number of results in first chunk: 1
[2025-10-02T06:24:16.458+0000] {connection.py:762} INFO - closed
[2025-10-02T06:24:16.627+0000] {connection.py:768} INFO - No async queries seem to be running, deleting session
[2025-10-02T06:24:16.729+0000] {python.py:237} INFO - Done. Returned value was: None
[2025-10-02T06:24:16.731+0000] {taskinstance.py:441} INFO - ::group::Post task execution logs
[2025-10-02T06:24:16.746+0000] {taskinstance.py:1206} INFO - Marking task as SUCCESS. dag_id=sentiment140_end2end_single, task_id=copy_clean_into_snowflake, run_id=manual__2025-10-02T06:23:19.658047+00:00, execution_date=20251002T062319, start_date=20251002T062408, end_date=20251002T062416
[2025-10-02T06:24:16.807+0000] {local_task_job_runner.py:240} INFO - Task exited with return code 0
[2025-10-02T06:24:16.818+0000] {taskinstance.py:3498} INFO - 0 downstream tasks scheduled from follow-on schedule check
[2025-10-02T06:24:16.819+0000] {local_task_job_runner.py:222} INFO - ::endgroup::
