[2025-10-02T07:32:52.338+0000] {local_task_job_runner.py:120} INFO - ::group::Pre task execution logs
[2025-10-02T07:32:52.343+0000] {taskinstance.py:2076} INFO - Dependencies all met for dep_context=non-requeueable deps ti=<TaskInstance: sentiment140_end2end_single.upload_to_s3 manual__2025-10-02T07:32:07.301994+00:00 [queued]>
[2025-10-02T07:32:52.346+0000] {taskinstance.py:2076} INFO - Dependencies all met for dep_context=requeueable deps ti=<TaskInstance: sentiment140_end2end_single.upload_to_s3 manual__2025-10-02T07:32:07.301994+00:00 [queued]>
[2025-10-02T07:32:52.346+0000] {taskinstance.py:2306} INFO - Starting attempt 1 of 2
[2025-10-02T07:32:52.352+0000] {taskinstance.py:2330} INFO - Executing <Task(PythonOperator): upload_to_s3> on 2025-10-02 07:32:07.301994+00:00
[2025-10-02T07:32:52.355+0000] {warnings.py:110} WARNING - /home/***/.local/lib/python3.12/site-packages/***/task/task_runner/standard_task_runner.py:61: DeprecationWarning: This process (pid=334) is multi-threaded, use of fork() may lead to deadlocks in the child.
  pid = os.fork()

[2025-10-02T07:32:52.355+0000] {standard_task_runner.py:63} INFO - Started process 336 to run task
[2025-10-02T07:32:52.356+0000] {standard_task_runner.py:90} INFO - Running: ['***', 'tasks', 'run', 'sentiment140_end2end_single', 'upload_to_s3', 'manual__2025-10-02T07:32:07.301994+00:00', '--job-id', '75', '--raw', '--subdir', 'DAGS_FOLDER/edaproject.py', '--cfg-path', '/tmp/tmpmkhtkxfj']
[2025-10-02T07:32:52.358+0000] {standard_task_runner.py:91} INFO - Job 75: Subtask upload_to_s3
[2025-10-02T07:32:52.373+0000] {task_command.py:426} INFO - Running <TaskInstance: sentiment140_end2end_single.upload_to_s3 manual__2025-10-02T07:32:07.301994+00:00 [running]> on host 9d9a5d472595
[2025-10-02T07:32:52.400+0000] {taskinstance.py:2648} INFO - Exporting env vars: AIRFLOW_CTX_DAG_OWNER='***' AIRFLOW_CTX_DAG_ID='sentiment140_end2end_single' AIRFLOW_CTX_TASK_ID='upload_to_s3' AIRFLOW_CTX_EXECUTION_DATE='2025-10-02T07:32:07.301994+00:00' AIRFLOW_CTX_TRY_NUMBER='1' AIRFLOW_CTX_DAG_RUN_ID='manual__2025-10-02T07:32:07.301994+00:00'
[2025-10-02T07:32:52.401+0000] {taskinstance.py:430} INFO - ::endgroup::
[2025-10-02T07:32:52.414+0000] {logging_mixin.py:188} INFO - Uploading EDA: /tmp/sentiment140_eda_artifacts/feature_correlations_20251002T073223Z.csv -> s3://298a1/sentiment140/eda/20251002T073223Z/feature_correlations_20251002T073223Z.csv
[2025-10-02T07:32:52.417+0000] {base.py:84} INFO - Using connection ID 'aws_default' for task execution.
[2025-10-02T07:32:52.417+0000] {connection_wrapper.py:384} INFO - AWS Connection (conn_id='aws_default', conn_type='aws') credentials retrieved from login and password.
[2025-10-02T07:32:53.139+0000] {logging_mixin.py:188} INFO - Uploading EDA: /tmp/sentiment140_eda_artifacts/class_balance_20251002T073223Z.png -> s3://298a1/sentiment140/eda/20251002T073223Z/class_balance_20251002T073223Z.png
[2025-10-02T07:32:53.272+0000] {logging_mixin.py:188} INFO - Uploading EDA: /tmp/sentiment140_eda_artifacts/hist_len_words_20251002T073223Z.png -> s3://298a1/sentiment140/eda/20251002T073223Z/hist_len_words_20251002T073223Z.png
[2025-10-02T07:32:53.344+0000] {logging_mixin.py:188} INFO - Uploading EDA: /tmp/sentiment140_eda_artifacts/eda_summary_20251002T073223Z.json -> s3://298a1/sentiment140/eda/20251002T073223Z/eda_summary_20251002T073223Z.json
[2025-10-02T07:32:53.420+0000] {logging_mixin.py:188} INFO - Uploading EDA: /tmp/sentiment140_eda_artifacts/hist_len_chars_20251002T073223Z.png -> s3://298a1/sentiment140/eda/20251002T073223Z/hist_len_chars_20251002T073223Z.png
[2025-10-02T07:32:53.505+0000] {logging_mixin.py:188} INFO - Uploading EDA: /tmp/sentiment140_eda_artifacts/class_balance_20251002T073223Z.csv -> s3://298a1/sentiment140/eda/20251002T073223Z/class_balance_20251002T073223Z.csv
[2025-10-02T07:32:53.576+0000] {logging_mixin.py:188} INFO - Uploading CLEAN: /tmp/MAUD_train_cleaned.csv -> s3://298a1/sentiment140/cleaned/20251002T073223Z/MAUD_train_cleaned.csv
[2025-10-02T07:33:10.721+0000] {python.py:237} INFO - Done. Returned value was: None
[2025-10-02T07:33:10.723+0000] {taskinstance.py:441} INFO - ::group::Post task execution logs
[2025-10-02T07:33:10.730+0000] {taskinstance.py:1206} INFO - Marking task as SUCCESS. dag_id=sentiment140_end2end_single, task_id=upload_to_s3, run_id=manual__2025-10-02T07:32:07.301994+00:00, execution_date=20251002T073207, start_date=20251002T073252, end_date=20251002T073310
[2025-10-02T07:33:10.755+0000] {local_task_job_runner.py:240} INFO - Task exited with return code 0
[2025-10-02T07:33:10.776+0000] {taskinstance.py:3498} INFO - 1 downstream tasks scheduled from follow-on schedule check
[2025-10-02T07:33:10.777+0000] {local_task_job_runner.py:222} INFO - ::endgroup::
