[2025-10-02T07:38:32.071+0000] {local_task_job_runner.py:120} INFO - ::group::Pre task execution logs
[2025-10-02T07:38:32.077+0000] {taskinstance.py:2076} INFO - Dependencies all met for dep_context=non-requeueable deps ti=<TaskInstance: sentiment140_end2end_single.sf_check_rowcount manual__2025-10-02T07:32:07.301994+00:00 [queued]>
[2025-10-02T07:38:32.080+0000] {taskinstance.py:2076} INFO - Dependencies all met for dep_context=requeueable deps ti=<TaskInstance: sentiment140_end2end_single.sf_check_rowcount manual__2025-10-02T07:32:07.301994+00:00 [queued]>
[2025-10-02T07:38:32.080+0000] {taskinstance.py:2306} INFO - Starting attempt 2 of 2
[2025-10-02T07:38:32.085+0000] {taskinstance.py:2330} INFO - Executing <Task(SQLExecuteQueryOperator): sf_check_rowcount> on 2025-10-02 07:32:07.301994+00:00
[2025-10-02T07:38:32.088+0000] {warnings.py:110} WARNING - /home/***/.local/lib/python3.12/site-packages/***/task/task_runner/standard_task_runner.py:61: DeprecationWarning: This process (pid=452) is multi-threaded, use of fork() may lead to deadlocks in the child.
  pid = os.fork()

[2025-10-02T07:38:32.090+0000] {standard_task_runner.py:63} INFO - Started process 454 to run task
[2025-10-02T07:38:32.089+0000] {standard_task_runner.py:90} INFO - Running: ['***', 'tasks', 'run', 'sentiment140_end2end_single', 'sf_check_rowcount', 'manual__2025-10-02T07:32:07.301994+00:00', '--job-id', '81', '--raw', '--subdir', 'DAGS_FOLDER/edaproject.py', '--cfg-path', '/tmp/tmpri990off']
[2025-10-02T07:38:32.091+0000] {standard_task_runner.py:91} INFO - Job 81: Subtask sf_check_rowcount
[2025-10-02T07:38:32.121+0000] {task_command.py:426} INFO - Running <TaskInstance: sentiment140_end2end_single.sf_check_rowcount manual__2025-10-02T07:32:07.301994+00:00 [running]> on host 9d9a5d472595
[2025-10-02T07:38:32.178+0000] {taskinstance.py:2648} INFO - Exporting env vars: AIRFLOW_CTX_DAG_OWNER='***' AIRFLOW_CTX_DAG_ID='sentiment140_end2end_single' AIRFLOW_CTX_TASK_ID='sf_check_rowcount' AIRFLOW_CTX_EXECUTION_DATE='2025-10-02T07:32:07.301994+00:00' AIRFLOW_CTX_TRY_NUMBER='2' AIRFLOW_CTX_DAG_RUN_ID='manual__2025-10-02T07:32:07.301994+00:00'
[2025-10-02T07:38:32.179+0000] {taskinstance.py:430} INFO - ::endgroup::
[2025-10-02T07:38:32.186+0000] {sql.py:276} INFO - Executing: 
            USE ROLE ACCOUNTADMIN;
            USE WAREHOUSE COMPUTE_WH;
            USE DATABASE YOUR_DB;
            USE SCHEMA PUBLIC;
            SELECT COUNT(*) AS ROWS FROM YOUR_DB.PUBLIC.SENTIMENT140_CLEAN;
        
[2025-10-02T07:38:32.191+0000] {base.py:84} INFO - Using connection ID 'snowflake_default' for task execution.
[2025-10-02T07:38:32.195+0000] {base.py:84} INFO - Using connection ID 'snowflake_default' for task execution.
[2025-10-02T07:38:32.196+0000] {connection.py:399} INFO - Snowflake Connector for Python Version: 3.10.0, Python Version: 3.12.3, Platform: Linux-6.10.14-linuxkit-aarch64-with-glibc2.36
[2025-10-02T07:38:32.196+0000] {connection.py:1239} INFO - This connection is in OCSP Fail Open Mode. TLS Certificates would be checked for validity and revocation status. Any other Certificate Revocation related exceptions or OCSP Responder failures would be disregarded in favor of connectivity.
[2025-10-02T07:38:33.297+0000] {cursor.py:1149} INFO - Number of results in first chunk: 1
[2025-10-02T07:38:33.300+0000] {sql.py:470} INFO - Running statement: USE ROLE ACCOUNTADMIN;, parameters: None
[2025-10-02T07:38:33.451+0000] {cursor.py:1149} INFO - Number of results in first chunk: 1
[2025-10-02T07:38:33.451+0000] {sql.py:479} INFO - Rows affected: 1
[2025-10-02T07:38:33.452+0000] {snowflake.py:407} INFO - Rows affected: 1
[2025-10-02T07:38:33.453+0000] {snowflake.py:408} INFO - Snowflake query id: 01bf6faa-0306-8f88-0000-00131e67d1d1
[2025-10-02T07:38:33.453+0000] {sql.py:470} INFO - Running statement: USE WAREHOUSE COMPUTE_WH;, parameters: None
[2025-10-02T07:38:33.698+0000] {cursor.py:1149} INFO - Number of results in first chunk: 1
[2025-10-02T07:38:33.698+0000] {sql.py:479} INFO - Rows affected: 1
[2025-10-02T07:38:33.698+0000] {snowflake.py:407} INFO - Rows affected: 1
[2025-10-02T07:38:33.698+0000] {snowflake.py:408} INFO - Snowflake query id: 01bf6faa-0306-904a-0000-00131e67615d
[2025-10-02T07:38:33.698+0000] {sql.py:470} INFO - Running statement: USE DATABASE YOUR_DB;, parameters: None
[2025-10-02T07:38:33.894+0000] {cursor.py:1149} INFO - Number of results in first chunk: 1
[2025-10-02T07:38:33.895+0000] {sql.py:479} INFO - Rows affected: 1
[2025-10-02T07:38:33.895+0000] {snowflake.py:407} INFO - Rows affected: 1
[2025-10-02T07:38:33.895+0000] {snowflake.py:408} INFO - Snowflake query id: 01bf6faa-0306-9165-0000-00131e67a1ad
[2025-10-02T07:38:33.895+0000] {sql.py:470} INFO - Running statement: USE SCHEMA PUBLIC;, parameters: None
[2025-10-02T07:38:34.075+0000] {cursor.py:1149} INFO - Number of results in first chunk: 1
[2025-10-02T07:38:34.076+0000] {sql.py:479} INFO - Rows affected: 1
[2025-10-02T07:38:34.077+0000] {snowflake.py:407} INFO - Rows affected: 1
[2025-10-02T07:38:34.077+0000] {snowflake.py:408} INFO - Snowflake query id: 01bf6faa-0306-9174-0000-00131e67518d
[2025-10-02T07:38:34.078+0000] {sql.py:470} INFO - Running statement: SELECT COUNT(*) AS ROWS FROM YOUR_DB.PUBLIC.SENTIMENT140_CLEAN;, parameters: None
[2025-10-02T07:38:34.441+0000] {connection.py:762} INFO - closed
[2025-10-02T07:38:34.496+0000] {connection.py:768} INFO - No async queries seem to be running, deleting session
[2025-10-02T07:38:34.582+0000] {taskinstance.py:441} INFO - ::group::Post task execution logs
[2025-10-02T07:38:34.584+0000] {taskinstance.py:2905} ERROR - Task failed with exception
Traceback (most recent call last):
  File "/home/airflow/.local/lib/python3.12/site-packages/airflow/models/taskinstance.py", line 465, in _execute_task
    result = _execute_callable(context=context, **execute_callable_kwargs)
             ^^^^^^^^^^^^^^^^^^^^^^^^^^^^^^^^^^^^^^^^^^^^^^^^^^^^^^^^^^^^^
  File "/home/airflow/.local/lib/python3.12/site-packages/airflow/models/taskinstance.py", line 432, in _execute_callable
    return execute_callable(context=context, **execute_callable_kwargs)
           ^^^^^^^^^^^^^^^^^^^^^^^^^^^^^^^^^^^^^^^^^^^^^^^^^^^^^^^^^^^^
  File "/home/airflow/.local/lib/python3.12/site-packages/airflow/models/baseoperator.py", line 400, in wrapper
    return func(self, *args, **kwargs)
           ^^^^^^^^^^^^^^^^^^^^^^^^^^^
  File "/home/airflow/.local/lib/python3.12/site-packages/airflow/providers/common/sql/operators/sql.py", line 282, in execute
    output = hook.run(
             ^^^^^^^^^
  File "/home/airflow/.local/lib/python3.12/site-packages/airflow/providers/snowflake/hooks/snowflake.py", line 395, in run
    self._run_command(cur, sql_statement, parameters)  # type: ignore[attr-defined]
    ^^^^^^^^^^^^^^^^^^^^^^^^^^^^^^^^^^^^^^^^^^^^^^^^^
  File "/home/airflow/.local/lib/python3.12/site-packages/airflow/providers/common/sql/hooks/sql.py", line 475, in _run_command
    cur.execute(sql_statement)
  File "/home/airflow/.local/lib/python3.12/site-packages/snowflake/connector/cursor.py", line 1080, in execute
    Error.errorhandler_wrapper(self.connection, self, error_class, errvalue)
  File "/home/airflow/.local/lib/python3.12/site-packages/snowflake/connector/errors.py", line 290, in errorhandler_wrapper
    handed_over = Error.hand_to_other_handler(
                  ^^^^^^^^^^^^^^^^^^^^^^^^^^^^
  File "/home/airflow/.local/lib/python3.12/site-packages/snowflake/connector/errors.py", line 345, in hand_to_other_handler
    cursor.errorhandler(connection, cursor, error_class, error_value)
  File "/home/airflow/.local/lib/python3.12/site-packages/snowflake/connector/errors.py", line 221, in default_errorhandler
    raise error_class(
snowflake.connector.errors.ProgrammingError: 001003 (42000): 01bf6faa-0306-8f79-0000-00131e67c161: SQL compilation error:
syntax error line 1 at position 19 unexpected 'ROWS'.
[2025-10-02T07:38:34.593+0000] {taskinstance.py:1206} INFO - Marking task as FAILED. dag_id=sentiment140_end2end_single, task_id=sf_check_rowcount, run_id=manual__2025-10-02T07:32:07.301994+00:00, execution_date=20251002T073207, start_date=20251002T073832, end_date=20251002T073834
[2025-10-02T07:38:34.601+0000] {standard_task_runner.py:110} ERROR - Failed to execute job 81 for task sf_check_rowcount (001003 (42000): 01bf6faa-0306-8f79-0000-00131e67c161: SQL compilation error:
syntax error line 1 at position 19 unexpected 'ROWS'.; 454)
[2025-10-02T07:38:34.613+0000] {local_task_job_runner.py:240} INFO - Task exited with return code 1
[2025-10-02T07:38:34.621+0000] {taskinstance.py:3498} INFO - 0 downstream tasks scheduled from follow-on schedule check
[2025-10-02T07:38:34.622+0000] {local_task_job_runner.py:222} INFO - ::endgroup::
