[2025-10-02T06:09:46.868+0000] {local_task_job_runner.py:120} INFO - ::group::Pre task execution logs
[2025-10-02T06:09:46.873+0000] {taskinstance.py:2076} INFO - Dependencies all met for dep_context=non-requeueable deps ti=<TaskInstance: sentiment140_end2end_single.create_table_if_needed manual__2025-10-02T06:09:02.840915+00:00 [queued]>
[2025-10-02T06:09:46.876+0000] {taskinstance.py:2076} INFO - Dependencies all met for dep_context=requeueable deps ti=<TaskInstance: sentiment140_end2end_single.create_table_if_needed manual__2025-10-02T06:09:02.840915+00:00 [queued]>
[2025-10-02T06:09:46.876+0000] {taskinstance.py:2306} INFO - Starting attempt 1 of 2
[2025-10-02T06:09:46.880+0000] {taskinstance.py:2330} INFO - Executing <Task(PythonOperator): create_table_if_needed> on 2025-10-02 06:09:02.840915+00:00
[2025-10-02T06:09:46.883+0000] {warnings.py:110} WARNING - /home/***/.local/lib/python3.12/site-packages/***/task/task_runner/standard_task_runner.py:61: DeprecationWarning: This process (pid=595) is multi-threaded, use of fork() may lead to deadlocks in the child.
  pid = os.fork()

[2025-10-02T06:09:46.883+0000] {standard_task_runner.py:63} INFO - Started process 597 to run task
[2025-10-02T06:09:46.883+0000] {standard_task_runner.py:90} INFO - Running: ['***', 'tasks', 'run', 'sentiment140_end2end_single', 'create_table_if_needed', 'manual__2025-10-02T06:09:02.840915+00:00', '--job-id', '55', '--raw', '--subdir', 'DAGS_FOLDER/edaproject.py', '--cfg-path', '/tmp/tmpo73vwu1c']
[2025-10-02T06:09:46.885+0000] {standard_task_runner.py:91} INFO - Job 55: Subtask create_table_if_needed
[2025-10-02T06:09:46.900+0000] {task_command.py:426} INFO - Running <TaskInstance: sentiment140_end2end_single.create_table_if_needed manual__2025-10-02T06:09:02.840915+00:00 [running]> on host b4099255ca46
[2025-10-02T06:09:46.924+0000] {taskinstance.py:2648} INFO - Exporting env vars: AIRFLOW_CTX_DAG_OWNER='***' AIRFLOW_CTX_DAG_ID='sentiment140_end2end_single' AIRFLOW_CTX_TASK_ID='create_table_if_needed' AIRFLOW_CTX_EXECUTION_DATE='2025-10-02T06:09:02.840915+00:00' AIRFLOW_CTX_TRY_NUMBER='1' AIRFLOW_CTX_DAG_RUN_ID='manual__2025-10-02T06:09:02.840915+00:00'
[2025-10-02T06:09:46.925+0000] {taskinstance.py:430} INFO - ::endgroup::
[2025-10-02T06:09:46.933+0000] {base.py:84} INFO - Using connection ID 'snowflake_default' for task execution.
[2025-10-02T06:09:46.933+0000] {connection.py:399} INFO - Snowflake Connector for Python Version: 3.10.0, Python Version: 3.12.3, Platform: Linux-6.10.14-linuxkit-aarch64-with-glibc2.36
[2025-10-02T06:09:46.934+0000] {connection.py:1239} INFO - This connection is in OCSP Fail Open Mode. TLS Certificates would be checked for validity and revocation status. Any other Certificate Revocation related exceptions or OCSP Responder failures would be disregarded in favor of connectivity.
[2025-10-02T06:09:48.313+0000] {cursor.py:1149} INFO - Number of results in first chunk: 1
[2025-10-02T06:09:48.315+0000] {sql.py:470} INFO - Running statement: USE WAREHOUSE COMPUTE_WH;, parameters: None
[2025-10-02T06:09:48.562+0000] {cursor.py:1149} INFO - Number of results in first chunk: 1
[2025-10-02T06:09:48.563+0000] {sql.py:479} INFO - Rows affected: 1
[2025-10-02T06:09:48.564+0000] {snowflake.py:407} INFO - Rows affected: 1
[2025-10-02T06:09:48.564+0000] {snowflake.py:408} INFO - Snowflake query id: 01bf6f51-0306-9226-0000-00131e67b161
[2025-10-02T06:09:48.564+0000] {sql.py:470} INFO - Running statement: USE ROLE ACCOUNTADMIN;, parameters: None
[2025-10-02T06:09:48.669+0000] {cursor.py:1149} INFO - Number of results in first chunk: 1
[2025-10-02T06:09:48.671+0000] {sql.py:479} INFO - Rows affected: 1
[2025-10-02T06:09:48.671+0000] {snowflake.py:407} INFO - Rows affected: 1
[2025-10-02T06:09:48.672+0000] {snowflake.py:408} INFO - Snowflake query id: 01bf6f51-0306-91dc-0000-00131e67e011
[2025-10-02T06:09:48.672+0000] {sql.py:470} INFO - Running statement: USE DATABASE YOUR_DB;, parameters: None
[2025-10-02T06:09:48.914+0000] {cursor.py:1149} INFO - Number of results in first chunk: 1
[2025-10-02T06:09:48.915+0000] {sql.py:479} INFO - Rows affected: 1
[2025-10-02T06:09:48.915+0000] {snowflake.py:407} INFO - Rows affected: 1
[2025-10-02T06:09:48.915+0000] {snowflake.py:408} INFO - Snowflake query id: 01bf6f51-0306-908d-0000-00131e678145
[2025-10-02T06:09:48.915+0000] {sql.py:470} INFO - Running statement: USE SCHEMA PUBLIC;, parameters: None
[2025-10-02T06:09:49.108+0000] {cursor.py:1149} INFO - Number of results in first chunk: 1
[2025-10-02T06:09:49.109+0000] {sql.py:479} INFO - Rows affected: 1
[2025-10-02T06:09:49.110+0000] {snowflake.py:407} INFO - Rows affected: 1
[2025-10-02T06:09:49.111+0000] {snowflake.py:408} INFO - Snowflake query id: 01bf6f51-0306-8fe9-0000-00131e677121
[2025-10-02T06:09:49.111+0000] {sql.py:470} INFO - Running statement: 
        CREATE TABLE IF NOT EXISTS YOUR_DB.PUBLIC.SENTIMENT140_CLEAN (
            LABEL INTEGER,
            TEXT  STRING
        );
        , parameters: None
[2025-10-02T06:09:49.596+0000] {cursor.py:1149} INFO - Number of results in first chunk: 1
[2025-10-02T06:09:49.596+0000] {sql.py:479} INFO - Rows affected: 1
[2025-10-02T06:09:49.597+0000] {snowflake.py:407} INFO - Rows affected: 1
[2025-10-02T06:09:49.597+0000] {snowflake.py:408} INFO - Snowflake query id: 01bf6f51-0306-8f79-0000-00131e67c105
[2025-10-02T06:09:49.681+0000] {cursor.py:1149} INFO - Number of results in first chunk: 1
[2025-10-02T06:09:49.682+0000] {connection.py:762} INFO - closed
[2025-10-02T06:09:49.736+0000] {connection.py:768} INFO - No async queries seem to be running, deleting session
[2025-10-02T06:09:49.826+0000] {python.py:237} INFO - Done. Returned value was: None
[2025-10-02T06:09:49.828+0000] {taskinstance.py:441} INFO - ::group::Post task execution logs
[2025-10-02T06:09:49.842+0000] {taskinstance.py:1206} INFO - Marking task as SUCCESS. dag_id=sentiment140_end2end_single, task_id=create_table_if_needed, run_id=manual__2025-10-02T06:09:02.840915+00:00, execution_date=20251002T060902, start_date=20251002T060946, end_date=20251002T060949
[2025-10-02T06:09:49.880+0000] {local_task_job_runner.py:240} INFO - Task exited with return code 0
[2025-10-02T06:09:49.898+0000] {taskinstance.py:3498} INFO - 1 downstream tasks scheduled from follow-on schedule check
[2025-10-02T06:09:49.899+0000] {local_task_job_runner.py:222} INFO - ::endgroup::
