[2025-10-02T07:55:29.148+0000] {local_task_job_runner.py:120} INFO - ::group::Pre task execution logs
[2025-10-02T07:55:29.154+0000] {taskinstance.py:2076} INFO - Dependencies all met for dep_context=non-requeueable deps ti=<TaskInstance: sentiment140_end2end_single.upload_to_s3 manual__2025-10-02T07:54:51.413152+00:00 [queued]>
[2025-10-02T07:55:29.157+0000] {taskinstance.py:2076} INFO - Dependencies all met for dep_context=requeueable deps ti=<TaskInstance: sentiment140_end2end_single.upload_to_s3 manual__2025-10-02T07:54:51.413152+00:00 [queued]>
[2025-10-02T07:55:29.157+0000] {taskinstance.py:2306} INFO - Starting attempt 1 of 2
[2025-10-02T07:55:29.161+0000] {taskinstance.py:2330} INFO - Executing <Task(PythonOperator): upload_to_s3> on 2025-10-02 07:54:51.413152+00:00
[2025-10-02T07:55:29.164+0000] {warnings.py:110} WARNING - /home/***/.local/lib/python3.12/site-packages/***/task/task_runner/standard_task_runner.py:61: DeprecationWarning: This process (pid=809) is multi-threaded, use of fork() may lead to deadlocks in the child.
  pid = os.fork()

[2025-10-02T07:55:29.165+0000] {standard_task_runner.py:63} INFO - Started process 811 to run task
[2025-10-02T07:55:29.166+0000] {standard_task_runner.py:90} INFO - Running: ['***', 'tasks', 'run', 'sentiment140_end2end_single', 'upload_to_s3', 'manual__2025-10-02T07:54:51.413152+00:00', '--job-id', '90', '--raw', '--subdir', 'DAGS_FOLDER/edaproject.py', '--cfg-path', '/tmp/tmpv2o5ato_']
[2025-10-02T07:55:29.167+0000] {standard_task_runner.py:91} INFO - Job 90: Subtask upload_to_s3
[2025-10-02T07:55:29.185+0000] {task_command.py:426} INFO - Running <TaskInstance: sentiment140_end2end_single.upload_to_s3 manual__2025-10-02T07:54:51.413152+00:00 [running]> on host 9d9a5d472595
[2025-10-02T07:55:29.212+0000] {taskinstance.py:2648} INFO - Exporting env vars: AIRFLOW_CTX_DAG_OWNER='***' AIRFLOW_CTX_DAG_ID='sentiment140_end2end_single' AIRFLOW_CTX_TASK_ID='upload_to_s3' AIRFLOW_CTX_EXECUTION_DATE='2025-10-02T07:54:51.413152+00:00' AIRFLOW_CTX_TRY_NUMBER='1' AIRFLOW_CTX_DAG_RUN_ID='manual__2025-10-02T07:54:51.413152+00:00'
[2025-10-02T07:55:29.213+0000] {taskinstance.py:430} INFO - ::endgroup::
[2025-10-02T07:55:29.223+0000] {logging_mixin.py:188} INFO - Uploading EDA: /tmp/sentiment140_eda_artifacts/feature_correlations_20251002T073223Z.csv -> s3://298a1/sentiment140/eda/20251002T075503Z/feature_correlations_20251002T073223Z.csv
[2025-10-02T07:55:29.226+0000] {base.py:84} INFO - Using connection ID 'aws_default' for task execution.
[2025-10-02T07:55:29.226+0000] {connection_wrapper.py:384} INFO - AWS Connection (conn_id='aws_default', conn_type='aws') credentials retrieved from login and password.
[2025-10-02T07:55:29.957+0000] {logging_mixin.py:188} INFO - Uploading EDA: /tmp/sentiment140_eda_artifacts/hist_len_words_20251002T074056Z.png -> s3://298a1/sentiment140/eda/20251002T075503Z/hist_len_words_20251002T074056Z.png
[2025-10-02T07:55:30.048+0000] {logging_mixin.py:188} INFO - Uploading EDA: /tmp/sentiment140_eda_artifacts/hist_len_chars_20251002T074056Z.png -> s3://298a1/sentiment140/eda/20251002T075503Z/hist_len_chars_20251002T074056Z.png
[2025-10-02T07:55:30.123+0000] {logging_mixin.py:188} INFO - Uploading EDA: /tmp/sentiment140_eda_artifacts/hist_len_chars_20251002T075503Z.png -> s3://298a1/sentiment140/eda/20251002T075503Z/hist_len_chars_20251002T075503Z.png
[2025-10-02T07:55:30.219+0000] {logging_mixin.py:188} INFO - Uploading EDA: /tmp/sentiment140_eda_artifacts/class_balance_20251002T075503Z.csv -> s3://298a1/sentiment140/eda/20251002T075503Z/class_balance_20251002T075503Z.csv
[2025-10-02T07:55:30.283+0000] {logging_mixin.py:188} INFO - Uploading EDA: /tmp/sentiment140_eda_artifacts/class_balance_20251002T074056Z.csv -> s3://298a1/sentiment140/eda/20251002T075503Z/class_balance_20251002T074056Z.csv
[2025-10-02T07:55:30.336+0000] {logging_mixin.py:188} INFO - Uploading EDA: /tmp/sentiment140_eda_artifacts/eda_summary_20251002T075503Z.json -> s3://298a1/sentiment140/eda/20251002T075503Z/eda_summary_20251002T075503Z.json
[2025-10-02T07:55:30.402+0000] {logging_mixin.py:188} INFO - Uploading EDA: /tmp/sentiment140_eda_artifacts/class_balance_20251002T073223Z.png -> s3://298a1/sentiment140/eda/20251002T075503Z/class_balance_20251002T073223Z.png
[2025-10-02T07:55:30.474+0000] {logging_mixin.py:188} INFO - Uploading EDA: /tmp/sentiment140_eda_artifacts/hist_len_words_20251002T073223Z.png -> s3://298a1/sentiment140/eda/20251002T075503Z/hist_len_words_20251002T073223Z.png
[2025-10-02T07:55:30.550+0000] {logging_mixin.py:188} INFO - Uploading EDA: /tmp/sentiment140_eda_artifacts/eda_summary_20251002T074056Z.json -> s3://298a1/sentiment140/eda/20251002T075503Z/eda_summary_20251002T074056Z.json
[2025-10-02T07:55:30.615+0000] {logging_mixin.py:188} INFO - Uploading EDA: /tmp/sentiment140_eda_artifacts/feature_correlations_20251002T075503Z.csv -> s3://298a1/sentiment140/eda/20251002T075503Z/feature_correlations_20251002T075503Z.csv
[2025-10-02T07:55:30.687+0000] {logging_mixin.py:188} INFO - Uploading EDA: /tmp/sentiment140_eda_artifacts/eda_summary_20251002T073223Z.json -> s3://298a1/sentiment140/eda/20251002T075503Z/eda_summary_20251002T073223Z.json
[2025-10-02T07:55:30.760+0000] {logging_mixin.py:188} INFO - Uploading EDA: /tmp/sentiment140_eda_artifacts/class_balance_20251002T075503Z.png -> s3://298a1/sentiment140/eda/20251002T075503Z/class_balance_20251002T075503Z.png
[2025-10-02T07:55:30.830+0000] {logging_mixin.py:188} INFO - Uploading EDA: /tmp/sentiment140_eda_artifacts/feature_correlations_20251002T074056Z.csv -> s3://298a1/sentiment140/eda/20251002T075503Z/feature_correlations_20251002T074056Z.csv
[2025-10-02T07:55:30.896+0000] {logging_mixin.py:188} INFO - Uploading EDA: /tmp/sentiment140_eda_artifacts/hist_len_words_20251002T075503Z.png -> s3://298a1/sentiment140/eda/20251002T075503Z/hist_len_words_20251002T075503Z.png
[2025-10-02T07:55:30.968+0000] {logging_mixin.py:188} INFO - Uploading EDA: /tmp/sentiment140_eda_artifacts/hist_len_chars_20251002T073223Z.png -> s3://298a1/sentiment140/eda/20251002T075503Z/hist_len_chars_20251002T073223Z.png
[2025-10-02T07:55:31.054+0000] {logging_mixin.py:188} INFO - Uploading EDA: /tmp/sentiment140_eda_artifacts/class_balance_20251002T074056Z.png -> s3://298a1/sentiment140/eda/20251002T075503Z/class_balance_20251002T074056Z.png
[2025-10-02T07:55:31.138+0000] {logging_mixin.py:188} INFO - Uploading EDA: /tmp/sentiment140_eda_artifacts/class_balance_20251002T073223Z.csv -> s3://298a1/sentiment140/eda/20251002T075503Z/class_balance_20251002T073223Z.csv
[2025-10-02T07:55:31.211+0000] {logging_mixin.py:188} INFO - Uploading CLEAN: /tmp/train_clean.csv.gz -> s3://298a1/sentiment140/cleaned/20251002T075503Z/train_clean.csv.gz
[2025-10-02T07:55:37.802+0000] {python.py:237} INFO - Done. Returned value was: None
[2025-10-02T07:55:37.803+0000] {taskinstance.py:441} INFO - ::group::Post task execution logs
[2025-10-02T07:55:37.810+0000] {taskinstance.py:1206} INFO - Marking task as SUCCESS. dag_id=sentiment140_end2end_single, task_id=upload_to_s3, run_id=manual__2025-10-02T07:54:51.413152+00:00, execution_date=20251002T075451, start_date=20251002T075529, end_date=20251002T075537
[2025-10-02T07:55:37.841+0000] {local_task_job_runner.py:240} INFO - Task exited with return code 0
[2025-10-02T07:55:37.858+0000] {taskinstance.py:3498} INFO - 1 downstream tasks scheduled from follow-on schedule check
[2025-10-02T07:55:37.859+0000] {local_task_job_runner.py:222} INFO - ::endgroup::
